#
# There is insufficient memory for the Java Runtime Environment to continue.
# Native memory allocation (malloc) failed to allocate 235056 bytes for Chunk::new
# Possible reasons:
#   The system is out of physical RAM or swap space
#   The process is running with CompressedOops enabled, and the Java Heap may be blocking the growth of the native heap
# Possible solutions:
#   Reduce memory load on the system
#   Increase physical memory or swap space
#   Check if swap backing store is full
#   Decrease Java heap size (-Xmx/-Xms)
#   Decrease number of Java threads
#   Decrease Java thread stack sizes (-Xss)
#   Set larger code cache with -XX:ReservedCodeCacheSize=
#   JVM is running with Unscaled Compressed Oops mode in which the Java heap is
#     placed in the first 4GB address space. The Java Heap base address is the
#     maximum limit for the native heap growth. Please use -XX:HeapBaseMinAddress
#     to set the Java Heap base and to place the Java Heap above 4GB virtual address.
# This output file may be truncated or incomplete.
#
#  Out of Memory Error (src/hotspot/share/memory/arena.cpp:197), pid=10208, tid=1768
#
# JRE version: OpenJDK Runtime Environment (11.0.15) (build 11.0.15+0-b2043.56-9505619)
# Java VM: OpenJDK 64-Bit Server VM (11.0.15+0-b2043.56-9505619, mixed mode, tiered, compressed oops, g1 gc, windows-amd64)
# No core dump will be written. Minidumps are not enabled by default on client versions of Windows
#

---------------  S U M M A R Y ------------

Command Line: --add-opens=java.base/java.util=ALL-UNNAMED --add-opens=java.base/java.lang=ALL-UNNAMED --add-opens=java.base/java.lang.invoke=ALL-UNNAMED --add-opens=java.prefs/java.util.prefs=ALL-UNNAMED --add-opens=java.base/java.nio.charset=ALL-UNNAMED --add-opens=java.base/java.net=ALL-UNNAMED --add-opens=java.base/java.util.concurrent.atomic=ALL-UNNAMED -Xmx1536M -Dfile.encoding=windows-1252 -Duser.country=IN -Duser.language=en -Duser.variant -javaagent:C:\Users\user\.gradle\wrapper\dists\gradle-8.1.1-bin\9wiye5v2saajue4irfo8ybqfp\gradle-8.1.1\lib\agents\gradle-instrumentation-agent-8.1.1.jar org.gradle.launcher.daemon.bootstrap.GradleDaemon 8.1.1

Host: Intel(R) Core(TM) i5-6300U CPU @ 2.40GHz, 4 cores, 7G,  Windows 10 , 64 bit Build 19041 (10.0.19041.3636)
Time: Mon May 13 19:38:04 2024 India Standard Time elapsed time: 117.850064 seconds (0d 0h 1m 57s)

---------------  T H R E A D  ---------------

Current thread (0x000001fc7fad1800):  JavaThread "C2 CompilerThread0" daemon [_thread_in_native, id=1768, stack(0x0000008833d00000,0x0000008833e00000)]


Current CompileTask:
C2: 117850 11514       4       org.gradle.internal.component.model.ComponentAttributeMatcher$CachedQuery::from (64 bytes)

Stack: [0x0000008833d00000,0x0000008833e00000]
Native frames: (J=compiled Java code, j=interpreted, Vv=VM code, C=native code)
V  [jvm.dll+0x64135a]
V  [jvm.dll+0x7d39f9]
V  [jvm.dll+0x7d51b9]
V  [jvm.dll+0x7d58a3]
V  [jvm.dll+0x2691c5]
V  [jvm.dll+0xc1a5c]
V  [jvm.dll+0xc200c]
V  [jvm.dll+0x377462]
V  [jvm.dll+0x342495]
V  [jvm.dll+0x34186a]
V  [jvm.dll+0x2214bd]
V  [jvm.dll+0x220498]
V  [jvm.dll+0x19e851]
V  [jvm.dll+0x230479]
V  [jvm.dll+0x22e5ef]
V  [jvm.dll+0x794de1]
V  [jvm.dll+0x78dc24]
V  [jvm.dll+0x6400f6]
C  [ucrtbase.dll+0x21bb2]
C  [KERNEL32.DLL+0x17344]
C  [ntdll.dll+0x526b1]


---------------  P R O C E S S  ---------------

Threads class SMR info:
_java_thread_list=0x000001fc195038e0, length=63, elements={
0x000001fc7d279800, 0x000001fc7f938000, 0x000001fc7f962000, 0x000001fc7fac4000,
0x000001fc7fac5000, 0x000001fc7fac6000, 0x000001fc7fad1800, 0x000001fc7f968800,
0x000001fc7f96b800, 0x000001fc7f8cd000, 0x000001fc18001800, 0x000001fc174d3000,
0x000001fc17b52000, 0x000001fc172f2800, 0x000001fc17d28800, 0x000001fc17adf800,
0x000001fc1736c800, 0x000001fc1736d800, 0x000001fc187e7800, 0x000001fc187e8800,
0x000001fc18927800, 0x000001fc18925000, 0x000001fc18926000, 0x000001fc18926800,
0x000001fc18928800, 0x000001fc18929000, 0x000001fc1892a000, 0x000001fc18924800,
0x000001fc1892b000, 0x000001fc18c1f000, 0x000001fc18c1d000, 0x000001fc18c1d800,
0x000001fc18c1e800, 0x000001fc18c1b000, 0x000001fc18c20000, 0x000001fc18c1a800,
0x000001fc18c21000, 0x000001fc18c21800, 0x000001fc18c26800, 0x000001fc18c25800,
0x000001fc18c23800, 0x000001fc18c25000, 0x000001fc18c22800, 0x000001fc18c24000,
0x000001fc18c27800, 0x000001fc18c28000, 0x000001fc18c29000, 0x000001fc1e93e800,
0x000001fc1e941000, 0x000001fc1e942000, 0x000001fc1e944800, 0x000001fc1e945000,
0x000001fc1e942800, 0x000001fc1e949000, 0x000001fc1e943800, 0x000001fc1e946000,
0x000001fc1e940000, 0x000001fc1e946800, 0x000001fc1e94b800, 0x000001fc1e947800,
0x000001fc1e948800, 0x000001fc1e94d800, 0x000001fc1e94a000
}

Java Threads: ( => current thread )
  0x000001fc7d279800 JavaThread "main" [_thread_blocked, id=7964, stack(0x0000008833100000,0x0000008833200000)]
  0x000001fc7f938000 JavaThread "Reference Handler" daemon [_thread_blocked, id=12824, stack(0x0000008833800000,0x0000008833900000)]
  0x000001fc7f962000 JavaThread "Finalizer" daemon [_thread_blocked, id=10768, stack(0x0000008833900000,0x0000008833a00000)]
  0x000001fc7fac4000 JavaThread "Signal Dispatcher" daemon [_thread_blocked, id=6656, stack(0x0000008833a00000,0x0000008833b00000)]
  0x000001fc7fac5000 JavaThread "Attach Listener" daemon [_thread_blocked, id=7932, stack(0x0000008833b00000,0x0000008833c00000)]
  0x000001fc7fac6000 JavaThread "Service Thread" daemon [_thread_blocked, id=4704, stack(0x0000008833c00000,0x0000008833d00000)]
=>0x000001fc7fad1800 JavaThread "C2 CompilerThread0" daemon [_thread_in_native, id=1768, stack(0x0000008833d00000,0x0000008833e00000)]
  0x000001fc7f968800 JavaThread "C1 CompilerThread0" daemon [_thread_blocked, id=4748, stack(0x0000008833e00000,0x0000008833f00000)]
  0x000001fc7f96b800 JavaThread "Sweeper thread" daemon [_thread_blocked, id=9240, stack(0x0000008833f00000,0x0000008834000000)]
  0x000001fc7f8cd000 JavaThread "Common-Cleaner" daemon [_thread_blocked, id=1388, stack(0x0000008834000000,0x0000008834100000)]
  0x000001fc18001800 JavaThread "Daemon health stats" [_thread_blocked, id=12412, stack(0x0000008834400000,0x0000008834500000)]
  0x000001fc174d3000 JavaThread "Incoming local TCP Connector on port 63478" [_thread_in_native, id=3868, stack(0x0000008834500000,0x0000008834600000)]
  0x000001fc17b52000 JavaThread "Daemon periodic checks" [_thread_blocked, id=1620, stack(0x0000008834600000,0x0000008834700000)]
  0x000001fc172f2800 JavaThread "Daemon" [_thread_blocked, id=10452, stack(0x0000008834700000,0x0000008834800000)]
  0x000001fc17d28800 JavaThread "Handler for socket connection from /127.0.0.1:63478 to /127.0.0.1:63479" [_thread_in_native, id=11228, stack(0x0000008834800000,0x0000008834900000)]
  0x000001fc17adf800 JavaThread "Cancel handler" [_thread_blocked, id=11488, stack(0x0000008834900000,0x0000008834a00000)]
  0x000001fc1736c800 JavaThread "Daemon worker" [_thread_in_Java, id=3852, stack(0x0000008834a00000,0x0000008834b00000)]
  0x000001fc1736d800 JavaThread "Asynchronous log dispatcher for DefaultDaemonConnection: socket connection from /127.0.0.1:63478 to /127.0.0.1:63479" [_thread_blocked, id=12596, stack(0x0000008834b00000,0x0000008834c00000)]
  0x000001fc187e7800 JavaThread "Stdin handler" [_thread_blocked, id=4968, stack(0x0000008834c00000,0x0000008834d00000)]
  0x000001fc187e8800 JavaThread "Daemon client event forwarder" [_thread_blocked, id=11136, stack(0x0000008834d00000,0x0000008834e00000)]
  0x000001fc18927800 JavaThread "Cache worker for journal cache (C:\Users\user\.gradle\caches\journal-1)" [_thread_blocked, id=13272, stack(0x0000008834f00000,0x0000008835000000)]
  0x000001fc18925000 JavaThread "File lock request listener" [_thread_in_native, id=11588, stack(0x0000008835000000,0x0000008835100000)]
  0x000001fc18926000 JavaThread "Cache worker for file hash cache (C:\Users\user\.gradle\caches\8.1.1\fileHashes)" [_thread_blocked, id=4544, stack(0x0000008835100000,0x0000008835200000)]
  0x000001fc18926800 JavaThread "File watcher server" daemon [_thread_in_native, id=2628, stack(0x0000008835200000,0x0000008835300000)]
  0x000001fc18928800 JavaThread "File watcher consumer" daemon [_thread_blocked, id=9952, stack(0x0000008835300000,0x0000008835400000)]
  0x000001fc18929000 JavaThread "Cache worker for checksums cache (D:\Dart\VS code flutter projects\grocery_shopping\android\.gradle\8.1.1\checksums)" [_thread_blocked, id=4008, stack(0x0000008835400000,0x0000008835500000)]
  0x000001fc1892a000 JavaThread "Cache worker for cache directory md-rule (C:\Users\user\.gradle\caches\8.1.1\md-rule)" [_thread_blocked, id=7452, stack(0x0000008835500000,0x0000008835600000)]
  0x000001fc18924800 JavaThread "Cache worker for file content cache (C:\Users\user\.gradle\caches\8.1.1\fileContent)" [_thread_blocked, id=4276, stack(0x0000008835600000,0x0000008835700000)]
  0x000001fc1892b000 JavaThread "Cache worker for file hash cache (D:\Dart\VS code flutter projects\grocery_shopping\android\.gradle\8.1.1\fileHashes)" [_thread_blocked, id=12400, stack(0x0000008835700000,0x0000008835800000)]
  0x000001fc18c1f000 JavaThread "Cache worker for cache directory md-supplier (C:\Users\user\.gradle\caches\8.1.1\md-supplier)" [_thread_blocked, id=10308, stack(0x0000008835800000,0x0000008835900000)]
  0x000001fc18c1d000 JavaThread "Cache worker for execution history cache (C:\Users\user\.gradle\caches\8.1.1\executionHistory)" [_thread_blocked, id=13044, stack(0x0000008835900000,0x0000008835a00000)]
  0x000001fc18c1d800 JavaThread "jar transforms" [_thread_blocked, id=11100, stack(0x0000008835a00000,0x0000008835b00000)]
  0x000001fc18c1e800 JavaThread "jar transforms Thread 2" [_thread_blocked, id=13092, stack(0x0000008835c00000,0x0000008835d00000)]
  0x000001fc18c1b000 JavaThread "jar transforms Thread 3" [_thread_blocked, id=4316, stack(0x0000008835d00000,0x0000008835e00000)]
  0x000001fc18c20000 JavaThread "jar transforms Thread 4" [_thread_blocked, id=7904, stack(0x0000008835e00000,0x0000008835f00000)]
  0x000001fc18c1a800 JavaThread "Cache worker for dependencies-accessors (D:\Dart\VS code flutter projects\grocery_shopping\android\.gradle\8.1.1\dependencies-accessors)" [_thread_blocked, id=1972, stack(0x0000008835f00000,0x0000008836000000)]
  0x000001fc18c21000 JavaThread "Cache worker for Build Output Cleanup Cache (D:\Dart\VS code flutter projects\grocery_shopping\android\.gradle\buildOutputCleanup)" [_thread_blocked, id=8580, stack(0x0000008836000000,0x0000008836100000)]
  0x000001fc18c21800 JavaThread "Unconstrained build operations" [_thread_blocked, id=6016, stack(0x0000008835b00000,0x0000008835c00000)]
  0x000001fc18c26800 JavaThread "Unconstrained build operations Thread 2" [_thread_blocked, id=11580, stack(0x0000008836100000,0x0000008836200000)]
  0x000001fc18c25800 JavaThread "Unconstrained build operations Thread 3" [_thread_blocked, id=1784, stack(0x0000008836200000,0x0000008836300000)]
  0x000001fc18c23800 JavaThread "Cache worker for kotlin-dsl (C:\Users\user\.gradle\caches\8.1.1\kotlin-dsl)" [_thread_blocked, id=9668, stack(0x0000008836400000,0x0000008836500000)]
  0x000001fc18c25000 JavaThread "Cache worker for Build Output Cleanup Cache (D:\Flutter_Projects\flutter\packages\flutter_tools\gradle\.gradle\buildOutputCleanup)" [_thread_blocked, id=10788, stack(0x0000008836500000,0x0000008836600000)]
  0x000001fc18c22800 JavaThread "Memory manager" [_thread_blocked, id=3656, stack(0x0000008836600000,0x0000008836700000)]
  0x000001fc18c24000 JavaThread "included builds" [_thread_blocked, id=8336, stack(0x0000008836900000,0x0000008836a00000)]
  0x000001fc18c27800 JavaThread "Execution worker" [_thread_blocked, id=8872, stack(0x0000008836a00000,0x0000008836b00000)]
  0x000001fc18c28000 JavaThread "Execution worker Thread 2" [_thread_blocked, id=10036, stack(0x0000008836b00000,0x0000008836c00000)]
  0x000001fc18c29000 JavaThread "Execution worker Thread 3" [_thread_blocked, id=11840, stack(0x0000008836c00000,0x0000008836d00000)]
  0x000001fc1e93e800 JavaThread "Cache worker for execution history cache (D:\Flutter_Projects\flutter\packages\flutter_tools\gradle\.gradle\8.1.1\executionHistory)" [_thread_blocked, id=5820, stack(0x0000008836d00000,0x0000008836e00000)]
  0x000001fc1e941000 JavaThread "Unconstrained build operations Thread 4" [_thread_blocked, id=6312, stack(0x0000008836e00000,0x0000008836f00000)]
  0x000001fc1e942000 JavaThread "Unconstrained build operations Thread 5" [_thread_blocked, id=5812, stack(0x0000008836f00000,0x0000008837000000)]
  0x000001fc1e944800 JavaThread "Unconstrained build operations Thread 6" [_thread_blocked, id=6460, stack(0x0000008837000000,0x0000008837100000)]
  0x000001fc1e945000 JavaThread "Exec process" [_thread_blocked, id=2540, stack(0x0000008837200000,0x0000008837300000)]
  0x000001fc1e942800 JavaThread "Exec process Thread 3" [_thread_blocked, id=1432, stack(0x0000008837500000,0x0000008837600000)]
  0x000001fc1e949000 JavaThread "Exec process Thread 4" [_thread_blocked, id=13156, stack(0x0000008837600000,0x0000008837700000)]
  0x000001fc1e943800 JavaThread "Unconstrained build operations Thread 7" [_thread_blocked, id=5340, stack(0x0000008833000000,0x0000008833100000)]
  0x000001fc1e946000 JavaThread "Unconstrained build operations Thread 8" [_thread_blocked, id=2988, stack(0x0000008836800000,0x0000008836900000)]
  0x000001fc1e940000 JavaThread "Unconstrained build operations Thread 9" [_thread_blocked, id=8988, stack(0x0000008837100000,0x0000008837200000)]
  0x000001fc1e946800 JavaThread "Unconstrained build operations Thread 10" [_thread_blocked, id=10924, stack(0x0000008837300000,0x0000008837400000)]
  0x000001fc1e94b800 JavaThread "Unconstrained build operations Thread 11" [_thread_blocked, id=6676, stack(0x0000008837400000,0x0000008837500000)]
  0x000001fc1e947800 JavaThread "Unconstrained build operations Thread 12" [_thread_blocked, id=7124, stack(0x0000008837700000,0x0000008837800000)]
  0x000001fc1e948800 JavaThread "Unconstrained build operations Thread 13" [_thread_blocked, id=6644, stack(0x0000008832f00000,0x0000008833000000)]
  0x000001fc1e94d800 JavaThread "Unconstrained build operations Thread 14" [_thread_blocked, id=10000, stack(0x0000008837800000,0x0000008837900000)]
  0x000001fc1e94a000 JavaThread "Unconstrained build operations Thread 15" [_thread_blocked, id=13200, stack(0x0000008837900000,0x0000008837a00000)]

Other Threads:
  0x000001fc7f913800 VMThread "VM Thread" [stack: 0x0000008833700000,0x0000008833800000] [id=4204]
  0x000001fc7fe25000 WatcherThread [stack: 0x0000008834100000,0x0000008834200000] [id=3388]
  0x000001fc7d293000 GCTaskThread "GC Thread#0" [stack: 0x0000008833200000,0x0000008833300000] [id=7520]
  0x000001fc7fe26000 GCTaskThread "GC Thread#1" [stack: 0x0000008834200000,0x0000008834300000] [id=10536]
  0x000001fc16f1a800 GCTaskThread "GC Thread#2" [stack: 0x0000008834300000,0x0000008834400000] [id=8240]
  0x000001fc17c77800 GCTaskThread "GC Thread#3" [stack: 0x0000008834e00000,0x0000008834f00000] [id=12744]
  0x000001fc7d2b9000 ConcurrentGCThread "G1 Main Marker" [stack: 0x0000008833300000,0x0000008833400000] [id=8744]
  0x000001fc7d2ba800 ConcurrentGCThread "G1 Conc#0" [stack: 0x0000008833400000,0x0000008833500000] [id=12752]
  0x000001fc7d34a000 ConcurrentGCThread "G1 Refine#0" [stack: 0x0000008833500000,0x0000008833600000] [id=2864]
  0x000001fc7d34b000 ConcurrentGCThread "G1 Young RemSet Sampling" [stack: 0x0000008833600000,0x0000008833700000] [id=1196]

Threads with active compile tasks:
C2 CompilerThread0   117942 11514       4       org.gradle.internal.component.model.ComponentAttributeMatcher$CachedQuery::from (64 bytes)

VM state:not at safepoint (normal execution)

VM Mutex/Monitor currently owned by a thread: None

Heap address: 0x00000000a0000000, size: 1536 MB, Compressed Oops mode: 32-bit
Narrow klass base: 0x0000000000000000, Narrow klass shift: 3
Compressed class space size: 1073741824 Address: 0x0000000100000000

Heap:
 garbage-first heap   total 131072K, used 111979K [0x00000000a0000000, 0x0000000100000000)
  region size 1024K, 5 young (5120K), 1 survivors (1024K)
 Metaspace       used 98325K, capacity 102094K, committed 102352K, reserved 1136640K
  class space    used 12959K, capacity 14371K, committed 14464K, reserved 1048576K
Heap Regions: E=young(eden), S=young(survivor), O=old, HS=humongous(starts), HC=humongous(continues), CS=collection set, F=free, A=archive, TAMS=top-at-mark-start (previous, next)
|   0|0x00000000a0000000, 0x00000000a0100000, 0x00000000a0100000|100%| O|  |TAMS 0x00000000a0100000, 0x00000000a0000000| Untracked 
|   1|0x00000000a0100000, 0x00000000a0200000, 0x00000000a0200000|100%| O|  |TAMS 0x00000000a0200000, 0x00000000a0100000| Untracked 
|   2|0x00000000a0200000, 0x00000000a0300000, 0x00000000a0300000|100%|HS|  |TAMS 0x00000000a0300000, 0x00000000a0200000| Complete 
|   3|0x00000000a0300000, 0x00000000a0400000, 0x00000000a0400000|100%|HC|  |TAMS 0x00000000a0400000, 0x00000000a0300000| Complete 
|   4|0x00000000a0400000, 0x00000000a0500000, 0x00000000a0500000|100%|HC|  |TAMS 0x00000000a0500000, 0x00000000a0400000| Complete 
|   5|0x00000000a0500000, 0x00000000a0600000, 0x00000000a0600000|100%|HC|  |TAMS 0x00000000a0600000, 0x00000000a0500000| Complete 
|   6|0x00000000a0600000, 0x00000000a0700000, 0x00000000a0700000|100%| O|  |TAMS 0x00000000a0700000, 0x00000000a0600000| Untracked 
|   7|0x00000000a0700000, 0x00000000a0800000, 0x00000000a0800000|100%| O|  |TAMS 0x00000000a0800000, 0x00000000a0700000| Untracked 
|   8|0x00000000a0800000, 0x00000000a0900000, 0x00000000a0900000|100%| O|  |TAMS 0x00000000a0900000, 0x00000000a0800000| Untracked 
|   9|0x00000000a0900000, 0x00000000a0a00000, 0x00000000a0a00000|100%| O|  |TAMS 0x00000000a0a00000, 0x00000000a0900000| Untracked 
|  10|0x00000000a0a00000, 0x00000000a0b00000, 0x00000000a0b00000|100%| O|  |TAMS 0x00000000a0b00000, 0x00000000a0a00000| Untracked 
|  11|0x00000000a0b00000, 0x00000000a0c00000, 0x00000000a0c00000|100%| O|  |TAMS 0x00000000a0c00000, 0x00000000a0b00000| Untracked 
|  12|0x00000000a0c00000, 0x00000000a0d00000, 0x00000000a0d00000|100%| O|  |TAMS 0x00000000a0d00000, 0x00000000a0c00000| Untracked 
|  13|0x00000000a0d00000, 0x00000000a0e00000, 0x00000000a0e00000|100%| O|  |TAMS 0x00000000a0e00000, 0x00000000a0d00000| Untracked 
|  14|0x00000000a0e00000, 0x00000000a0f00000, 0x00000000a0f00000|100%| O|  |TAMS 0x00000000a0f00000, 0x00000000a0e00000| Untracked 
|  15|0x00000000a0f00000, 0x00000000a1000000, 0x00000000a1000000|100%| O|  |TAMS 0x00000000a1000000, 0x00000000a0f00000| Untracked 
|  16|0x00000000a1000000, 0x00000000a1100000, 0x00000000a1100000|100%| O|  |TAMS 0x00000000a1100000, 0x00000000a1000000| Untracked 
|  17|0x00000000a1100000, 0x00000000a1200000, 0x00000000a1200000|100%| O|  |TAMS 0x00000000a1200000, 0x00000000a1100000| Untracked 
|  18|0x00000000a1200000, 0x00000000a1300000, 0x00000000a1300000|100%| O|  |TAMS 0x00000000a1300000, 0x00000000a1200000| Untracked 
|  19|0x00000000a1300000, 0x00000000a1400000, 0x00000000a1400000|100%| O|  |TAMS 0x00000000a1400000, 0x00000000a1300000| Untracked 
|  20|0x00000000a1400000, 0x00000000a1500000, 0x00000000a1500000|100%| O|  |TAMS 0x00000000a1500000, 0x00000000a1400000| Untracked 
|  21|0x00000000a1500000, 0x00000000a1600000, 0x00000000a1600000|100%| O|  |TAMS 0x00000000a1600000, 0x00000000a1500000| Untracked 
|  22|0x00000000a1600000, 0x00000000a1700000, 0x00000000a1700000|100%| O|  |TAMS 0x00000000a1700000, 0x00000000a1600000| Untracked 
|  23|0x00000000a1700000, 0x00000000a1800000, 0x00000000a1800000|100%| O|  |TAMS 0x00000000a1800000, 0x00000000a1700000| Untracked 
|  24|0x00000000a1800000, 0x00000000a1900000, 0x00000000a1900000|100%| O|  |TAMS 0x00000000a1900000, 0x00000000a1800000| Untracked 
|  25|0x00000000a1900000, 0x00000000a1a00000, 0x00000000a1a00000|100%| O|  |TAMS 0x00000000a1a00000, 0x00000000a1900000| Untracked 
|  26|0x00000000a1a00000, 0x00000000a1b00000, 0x00000000a1b00000|100%| O|  |TAMS 0x00000000a1b00000, 0x00000000a1a00000| Untracked 
|  27|0x00000000a1b00000, 0x00000000a1c00000, 0x00000000a1c00000|100%| O|  |TAMS 0x00000000a1c00000, 0x00000000a1b00000| Untracked 
|  28|0x00000000a1c00000, 0x00000000a1d00000, 0x00000000a1d00000|100%| O|  |TAMS 0x00000000a1d00000, 0x00000000a1c00000| Untracked 
|  29|0x00000000a1d00000, 0x00000000a1e00000, 0x00000000a1e00000|100%|HS|  |TAMS 0x00000000a1e00000, 0x00000000a1d00000| Complete 
|  30|0x00000000a1e00000, 0x00000000a1f00000, 0x00000000a1f00000|100%|HS|  |TAMS 0x00000000a1f00000, 0x00000000a1e00000| Complete 
|  31|0x00000000a1f00000, 0x00000000a2000000, 0x00000000a2000000|100%|HS|  |TAMS 0x00000000a2000000, 0x00000000a1f00000| Complete 
|  32|0x00000000a2000000, 0x00000000a2100000, 0x00000000a2100000|100%|HS|  |TAMS 0x00000000a2100000, 0x00000000a2000000| Complete 
|  33|0x00000000a2100000, 0x00000000a2200000, 0x00000000a2200000|100%|HC|  |TAMS 0x00000000a2200000, 0x00000000a2100000| Complete 
|  34|0x00000000a2200000, 0x00000000a2300000, 0x00000000a2300000|100%|HC|  |TAMS 0x00000000a2300000, 0x00000000a2200000| Complete 
|  35|0x00000000a2300000, 0x00000000a2400000, 0x00000000a2400000|100%| O|  |TAMS 0x00000000a2400000, 0x00000000a2300000| Untracked 
|  36|0x00000000a2400000, 0x00000000a2500000, 0x00000000a2500000|100%|HS|  |TAMS 0x00000000a2500000, 0x00000000a2400000| Complete 
|  37|0x00000000a2500000, 0x00000000a2600000, 0x00000000a2600000|100%|HC|  |TAMS 0x00000000a2600000, 0x00000000a2500000| Complete 
|  38|0x00000000a2600000, 0x00000000a2700000, 0x00000000a2700000|100%| O|  |TAMS 0x00000000a2700000, 0x00000000a2600000| Untracked 
|  39|0x00000000a2700000, 0x00000000a2800000, 0x00000000a2800000|100%| O|  |TAMS 0x00000000a2800000, 0x00000000a2700000| Untracked 
|  40|0x00000000a2800000, 0x00000000a2900000, 0x00000000a2900000|100%| O|  |TAMS 0x00000000a2900000, 0x00000000a2800000| Untracked 
|  41|0x00000000a2900000, 0x00000000a2a00000, 0x00000000a2a00000|100%| O|  |TAMS 0x00000000a2a00000, 0x00000000a2900000| Untracked 
|  42|0x00000000a2a00000, 0x00000000a2b00000, 0x00000000a2b00000|100%| O|  |TAMS 0x00000000a2b00000, 0x00000000a2a00000| Untracked 
|  43|0x00000000a2b00000, 0x00000000a2c00000, 0x00000000a2c00000|100%| O|  |TAMS 0x00000000a2c00000, 0x00000000a2b00000| Untracked 
|  44|0x00000000a2c00000, 0x00000000a2d00000, 0x00000000a2d00000|100%| O|  |TAMS 0x00000000a2d00000, 0x00000000a2c00000| Untracked 
|  45|0x00000000a2d00000, 0x00000000a2e00000, 0x00000000a2e00000|100%| O|  |TAMS 0x00000000a2e00000, 0x00000000a2d00000| Untracked 
|  46|0x00000000a2e00000, 0x00000000a2f00000, 0x00000000a2f00000|100%| O|  |TAMS 0x00000000a2f00000, 0x00000000a2e00000| Untracked 
|  47|0x00000000a2f00000, 0x00000000a3000000, 0x00000000a3000000|100%| O|  |TAMS 0x00000000a3000000, 0x00000000a2f00000| Untracked 
|  48|0x00000000a3000000, 0x00000000a3100000, 0x00000000a3100000|100%|HS|  |TAMS 0x00000000a3100000, 0x00000000a3000000| Complete 
|  49|0x00000000a3100000, 0x00000000a3200000, 0x00000000a3200000|100%|HS|  |TAMS 0x00000000a3200000, 0x00000000a3100000| Complete 
|  50|0x00000000a3200000, 0x00000000a3300000, 0x00000000a3300000|100%| O|  |TAMS 0x00000000a3300000, 0x00000000a3200000| Untracked 
|  51|0x00000000a3300000, 0x00000000a3400000, 0x00000000a3400000|100%| O|  |TAMS 0x00000000a3400000, 0x00000000a3300000| Untracked 
|  52|0x00000000a3400000, 0x00000000a3500000, 0x00000000a3500000|100%| O|  |TAMS 0x00000000a3500000, 0x00000000a3400000| Untracked 
|  53|0x00000000a3500000, 0x00000000a3600000, 0x00000000a3600000|100%| O|  |TAMS 0x00000000a3600000, 0x00000000a3500000| Untracked 
|  54|0x00000000a3600000, 0x00000000a3700000, 0x00000000a3700000|100%| O|  |TAMS 0x00000000a3700000, 0x00000000a3600000| Untracked 
|  55|0x00000000a3700000, 0x00000000a3800000, 0x00000000a3800000|100%| O|  |TAMS 0x00000000a3800000, 0x00000000a3700000| Untracked 
|  56|0x00000000a3800000, 0x00000000a3900000, 0x00000000a3900000|100%| O|  |TAMS 0x00000000a3900000, 0x00000000a3800000| Untracked 
|  57|0x00000000a3900000, 0x00000000a3a00000, 0x00000000a3a00000|100%| O|  |TAMS 0x00000000a3a00000, 0x00000000a3900000| Untracked 
|  58|0x00000000a3a00000, 0x00000000a3b00000, 0x00000000a3b00000|100%| O|  |TAMS 0x00000000a3b00000, 0x00000000a3a00000| Untracked 
|  59|0x00000000a3b00000, 0x00000000a3c00000, 0x00000000a3c00000|100%| O|  |TAMS 0x00000000a3c00000, 0x00000000a3b00000| Untracked 
|  60|0x00000000a3c00000, 0x00000000a3d00000, 0x00000000a3d00000|100%| O|  |TAMS 0x00000000a3d00000, 0x00000000a3c00000| Untracked 
|  61|0x00000000a3d00000, 0x00000000a3e00000, 0x00000000a3e00000|100%| O|  |TAMS 0x00000000a3e00000, 0x00000000a3d00000| Untracked 
|  62|0x00000000a3e00000, 0x00000000a3f00000, 0x00000000a3f00000|100%| O|  |TAMS 0x00000000a3f00000, 0x00000000a3e00000| Untracked 
|  63|0x00000000a3f00000, 0x00000000a4000000, 0x00000000a4000000|100%| O|  |TAMS 0x00000000a4000000, 0x00000000a3f00000| Untracked 
|  64|0x00000000a4000000, 0x00000000a4100000, 0x00000000a4100000|100%| O|  |TAMS 0x00000000a4100000, 0x00000000a4000000| Untracked 
|  65|0x00000000a4100000, 0x00000000a4200000, 0x00000000a4200000|100%| O|  |TAMS 0x00000000a4200000, 0x00000000a4100000| Untracked 
|  66|0x00000000a4200000, 0x00000000a4300000, 0x00000000a4300000|100%| O|  |TAMS 0x00000000a4300000, 0x00000000a4200000| Untracked 
|  67|0x00000000a4300000, 0x00000000a4400000, 0x00000000a4400000|100%| O|  |TAMS 0x00000000a4400000, 0x00000000a4300000| Untracked 
|  68|0x00000000a4400000, 0x00000000a4500000, 0x00000000a4500000|100%| O|  |TAMS 0x00000000a4500000, 0x00000000a4400000| Untracked 
|  69|0x00000000a4500000, 0x00000000a4600000, 0x00000000a4600000|100%| O|  |TAMS 0x00000000a4600000, 0x00000000a4500000| Untracked 
|  70|0x00000000a4600000, 0x00000000a4700000, 0x00000000a4700000|100%| O|  |TAMS 0x00000000a4700000, 0x00000000a4600000| Untracked 
|  71|0x00000000a4700000, 0x00000000a4800000, 0x00000000a4800000|100%| O|  |TAMS 0x00000000a4800000, 0x00000000a4700000| Untracked 
|  72|0x00000000a4800000, 0x00000000a4900000, 0x00000000a4900000|100%| O|  |TAMS 0x00000000a4900000, 0x00000000a4800000| Untracked 
|  73|0x00000000a4900000, 0x00000000a4a00000, 0x00000000a4a00000|100%|HS|  |TAMS 0x00000000a4a00000, 0x00000000a4900000| Complete 
|  74|0x00000000a4a00000, 0x00000000a4b00000, 0x00000000a4b00000|100%|HC|  |TAMS 0x00000000a4b00000, 0x00000000a4a00000| Complete 
|  75|0x00000000a4b00000, 0x00000000a4c00000, 0x00000000a4c00000|100%|HC|  |TAMS 0x00000000a4c00000, 0x00000000a4b00000| Complete 
|  76|0x00000000a4c00000, 0x00000000a4d00000, 0x00000000a4d00000|100%| O|  |TAMS 0x00000000a4d00000, 0x00000000a4c00000| Untracked 
|  77|0x00000000a4d00000, 0x00000000a4e00000, 0x00000000a4e00000|100%| O|  |TAMS 0x00000000a4e00000, 0x00000000a4d00000| Untracked 
|  78|0x00000000a4e00000, 0x00000000a4f00000, 0x00000000a4f00000|100%| O|  |TAMS 0x00000000a4f00000, 0x00000000a4e00000| Untracked 
|  79|0x00000000a4f00000, 0x00000000a5000000, 0x00000000a5000000|100%| O|  |TAMS 0x00000000a5000000, 0x00000000a4f00000| Untracked 
|  80|0x00000000a5000000, 0x00000000a5100000, 0x00000000a5100000|100%| O|  |TAMS 0x00000000a5100000, 0x00000000a5000000| Untracked 
|  81|0x00000000a5100000, 0x00000000a5200000, 0x00000000a5200000|100%| O|  |TAMS 0x00000000a5200000, 0x00000000a5100000| Untracked 
|  82|0x00000000a5200000, 0x00000000a5300000, 0x00000000a5300000|100%| O|  |TAMS 0x00000000a5300000, 0x00000000a5200000| Untracked 
|  83|0x00000000a5300000, 0x00000000a5400000, 0x00000000a5400000|100%| O|  |TAMS 0x00000000a5400000, 0x00000000a5300000| Untracked 
|  84|0x00000000a5400000, 0x00000000a5500000, 0x00000000a5500000|100%| O|  |TAMS 0x00000000a5500000, 0x00000000a5400000| Untracked 
|  85|0x00000000a5500000, 0x00000000a5600000, 0x00000000a5600000|100%| O|  |TAMS 0x00000000a5600000, 0x00000000a5500000| Untracked 
|  86|0x00000000a5600000, 0x00000000a5700000, 0x00000000a5700000|100%| O|  |TAMS 0x00000000a5700000, 0x00000000a5600000| Untracked 
|  87|0x00000000a5700000, 0x00000000a5800000, 0x00000000a5800000|100%| O|  |TAMS 0x00000000a5800000, 0x00000000a5700000| Untracked 
|  88|0x00000000a5800000, 0x00000000a5900000, 0x00000000a5900000|100%| O|  |TAMS 0x00000000a5900000, 0x00000000a5800000| Untracked 
|  89|0x00000000a5900000, 0x00000000a5a00000, 0x00000000a5a00000|100%| O|  |TAMS 0x00000000a5a00000, 0x00000000a5900000| Untracked 
|  90|0x00000000a5a00000, 0x00000000a5b00000, 0x00000000a5b00000|100%| O|  |TAMS 0x00000000a5b00000, 0x00000000a5a00000| Untracked 
|  91|0x00000000a5b00000, 0x00000000a5c00000, 0x00000000a5c00000|100%| O|  |TAMS 0x00000000a5c00000, 0x00000000a5b00000| Untracked 
|  92|0x00000000a5c00000, 0x00000000a5d00000, 0x00000000a5d00000|100%|HS|  |TAMS 0x00000000a5d00000, 0x00000000a5c00000| Complete 
|  93|0x00000000a5d00000, 0x00000000a5e00000, 0x00000000a5e00000|100%| O|  |TAMS 0x00000000a5e00000, 0x00000000a5d00000| Untracked 
|  94|0x00000000a5e00000, 0x00000000a5f00000, 0x00000000a5f00000|100%| O|  |TAMS 0x00000000a5f00000, 0x00000000a5e00000| Untracked 
|  95|0x00000000a5f00000, 0x00000000a6000000, 0x00000000a6000000|100%| O|  |TAMS 0x00000000a6000000, 0x00000000a5f00000| Untracked 
|  96|0x00000000a6000000, 0x00000000a6100000, 0x00000000a6100000|100%| O|  |TAMS 0x00000000a6100000, 0x00000000a6000000| Untracked 
|  97|0x00000000a6100000, 0x00000000a6200000, 0x00000000a6200000|100%| O|  |TAMS 0x00000000a6200000, 0x00000000a6100000| Untracked 
|  98|0x00000000a6200000, 0x00000000a6300000, 0x00000000a6300000|100%| O|  |TAMS 0x00000000a6300000, 0x00000000a6200000| Untracked 
|  99|0x00000000a6300000, 0x00000000a6400000, 0x00000000a6400000|100%| O|  |TAMS 0x00000000a6400000, 0x00000000a6300000| Untracked 
| 100|0x00000000a6400000, 0x00000000a6500000, 0x00000000a6500000|100%| O|  |TAMS 0x00000000a6500000, 0x00000000a6400000| Untracked 
| 101|0x00000000a6500000, 0x00000000a6600000, 0x00000000a6600000|100%| O|  |TAMS 0x00000000a6600000, 0x00000000a6500000| Untracked 
| 102|0x00000000a6600000, 0x00000000a6700000, 0x00000000a6700000|100%| O|  |TAMS 0x00000000a6700000, 0x00000000a6600000| Untracked 
| 103|0x00000000a6700000, 0x00000000a6800000, 0x00000000a6800000|100%| O|  |TAMS 0x00000000a67b5a00, 0x00000000a6700000| Untracked 
| 104|0x00000000a6800000, 0x00000000a6900000, 0x00000000a6900000|100%| O|  |TAMS 0x00000000a6800000, 0x00000000a6800000| Untracked 
| 105|0x00000000a6900000, 0x00000000a695ae00, 0x00000000a6a00000| 35%| O|  |TAMS 0x00000000a6900000, 0x00000000a6900000| Untracked 
| 106|0x00000000a6a00000, 0x00000000a6a00000, 0x00000000a6b00000|  0%| F|  |TAMS 0x00000000a6a00000, 0x00000000a6a00000| Untracked 
| 107|0x00000000a6b00000, 0x00000000a6b00000, 0x00000000a6c00000|  0%| F|  |TAMS 0x00000000a6b00000, 0x00000000a6b00000| Untracked 
| 108|0x00000000a6c00000, 0x00000000a6c00000, 0x00000000a6d00000|  0%| F|  |TAMS 0x00000000a6c00000, 0x00000000a6c00000| Untracked 
| 109|0x00000000a6d00000, 0x00000000a6d00000, 0x00000000a6e00000|  0%| F|  |TAMS 0x00000000a6d00000, 0x00000000a6d00000| Untracked 
| 110|0x00000000a6e00000, 0x00000000a6e00000, 0x00000000a6f00000|  0%| F|  |TAMS 0x00000000a6e00000, 0x00000000a6e00000| Untracked 
| 111|0x00000000a6f00000, 0x00000000a6f00000, 0x00000000a7000000|  0%| F|  |TAMS 0x00000000a6f00000, 0x00000000a6f00000| Untracked 
| 112|0x00000000a7000000, 0x00000000a7000000, 0x00000000a7100000|  0%| F|  |TAMS 0x00000000a7000000, 0x00000000a7000000| Untracked 
| 113|0x00000000a7100000, 0x00000000a7100000, 0x00000000a7200000|  0%| F|  |TAMS 0x00000000a7100000, 0x00000000a7100000| Untracked 
| 114|0x00000000a7200000, 0x00000000a7200000, 0x00000000a7300000|  0%| F|  |TAMS 0x00000000a7200000, 0x00000000a7200000| Untracked 
| 115|0x00000000a7300000, 0x00000000a7300000, 0x00000000a7400000|  0%| F|  |TAMS 0x00000000a7300000, 0x00000000a7300000| Untracked 
| 116|0x00000000a7400000, 0x00000000a7400000, 0x00000000a7500000|  0%| F|  |TAMS 0x00000000a7400000, 0x00000000a7400000| Untracked 
| 117|0x00000000a7500000, 0x00000000a7500000, 0x00000000a7600000|  0%| F|  |TAMS 0x00000000a7500000, 0x00000000a7500000| Untracked 
| 118|0x00000000a7600000, 0x00000000a7600000, 0x00000000a7700000|  0%| F|  |TAMS 0x00000000a7600000, 0x00000000a7600000| Untracked 
| 119|0x00000000a7700000, 0x00000000a7700000, 0x00000000a7800000|  0%| F|  |TAMS 0x00000000a7700000, 0x00000000a7700000| Untracked 
| 120|0x00000000a7800000, 0x00000000a7800000, 0x00000000a7900000|  0%| F|  |TAMS 0x00000000a7800000, 0x00000000a7800000| Untracked 
| 121|0x00000000a7900000, 0x00000000a7a00000, 0x00000000a7a00000|100%| S|CS|TAMS 0x00000000a7900000, 0x00000000a7900000| Complete 
| 122|0x00000000a7a00000, 0x00000000a7a00000, 0x00000000a7b00000|  0%| F|  |TAMS 0x00000000a7a00000, 0x00000000a7a00000| Untracked 
| 123|0x00000000a7b00000, 0x00000000a7b00000, 0x00000000a7c00000|  0%| F|  |TAMS 0x00000000a7b00000, 0x00000000a7b00000| Untracked 
| 124|0x00000000a7c00000, 0x00000000a7c9c788, 0x00000000a7d00000| 61%| E|  |TAMS 0x00000000a7c00000, 0x00000000a7c00000| Complete 
| 125|0x00000000a7d00000, 0x00000000a7e00000, 0x00000000a7e00000|100%| E|CS|TAMS 0x00000000a7d00000, 0x00000000a7d00000| Complete 
| 126|0x00000000a7e00000, 0x00000000a7f00000, 0x00000000a7f00000|100%| E|CS|TAMS 0x00000000a7e00000, 0x00000000a7e00000| Complete 
| 127|0x00000000a7f00000, 0x00000000a8000000, 0x00000000a8000000|100%| E|CS|TAMS 0x00000000a7f00000, 0x00000000a7f00000| Complete 

Card table byte_map: [0x000001fc7d650000,0x000001fc7d950000] _byte_map_base: 0x000001fc7d150000

Marking Bits (Prev, Next): (CMBitMap*) 0x000001fc7d2b2698, (CMBitMap*) 0x000001fc7d2b26d0
 Prev Bits: [0x000001fc7dc50000, 0x000001fc7f450000)
 Next Bits: [0x000001fc12a50000, 0x000001fc14250000)

Polling page: 0x000001fc7b1c0000

Metaspace:

Usage:
  Non-class:     85.67 MB capacity,    83.37 MB ( 97%) used,     1.95 MB (  2%) free+waste,   361.88 KB ( <1%) overhead. 
      Class:     14.03 MB capacity,    12.66 MB ( 90%) used,     1.21 MB (  9%) free+waste,   170.38 KB (  1%) overhead. 
       Both:     99.70 MB capacity,    96.02 MB ( 96%) used,     3.16 MB (  3%) free+waste,   532.25 KB ( <1%) overhead. 

Virtual space:
  Non-class space:       86.00 MB reserved,      85.83 MB (>99%) committed 
      Class space:        1.00 GB reserved,      14.12 MB (  1%) committed 
             Both:        1.08 GB reserved,      99.95 MB (  9%) committed 

Chunk freelists:
   Non-Class:  37.00 KB
       Class:  0 bytes
        Both:  37.00 KB

MaxMetaspaceSize: 17179869184.00 GB
CompressedClassSpaceSize: 1.00 GB
Initial GC threshold: 20.80 MB
Current GC threshold: 166.59 MB
CDS: off

CodeHeap 'non-profiled nmethods': size=120064Kb used=7718Kb max_used=7718Kb free=112346Kb
 bounds [0x000001fc0b510000, 0x000001fc0bca0000, 0x000001fc12a50000]
CodeHeap 'profiled nmethods': size=120000Kb used=25657Kb max_used=25657Kb free=94342Kb
 bounds [0x000001fc03fe0000, 0x000001fc058f0000, 0x000001fc0b510000]
CodeHeap 'non-nmethods': size=5696Kb used=2389Kb max_used=2450Kb free=3306Kb
 bounds [0x000001fc03a50000, 0x000001fc03cd0000, 0x000001fc03fe0000]
 total_blobs=12363 nmethods=11448 adapters=825
 compilation: enabled
              stopped_count=0, restarted_count=0
 full_count=0

Compilation events (20 events):
Event: 117.811 Thread 0x000001fc7f968800 11513       3       org.gradle.api.internal.artifacts.ivyservice.ivyresolve.strategy.ExactVersionSelector::accept (27 bytes)
Event: 117.812 Thread 0x000001fc7f968800 nmethod 11513 0x000001fc058df490 code [0x000001fc058df660, 0x000001fc058df8e8]
Event: 117.815 Thread 0x000001fc7fad1800 nmethod 11503 0x000001fc0bc97f10 code [0x000001fc0bc980c0, 0x000001fc0bc98378]
Event: 117.815 Thread 0x000001fc7fad1800 11484       4       org.gradle.api.internal.artifacts.ivyservice.resolveengine.graph.builder.EdgeState::getFailure (104 bytes)
Event: 117.818 Thread 0x000001fc7fad1800 nmethod 11484 0x000001fc0bc98510 code [0x000001fc0bc986a0, 0x000001fc0bc98778]
Event: 117.818 Thread 0x000001fc7fad1800 11508       4       com.google.common.collect.SingletonImmutableSet::iterator (8 bytes)
Event: 117.818 Thread 0x000001fc7f968800 11515       1       org.gradle.api.internal.artifacts.ivyservice.resolveengine.graph.conflicts.DefaultConflictResolverDetails::getCandidates (5 bytes)
Event: 117.819 Thread 0x000001fc7f968800 nmethod 11515 0x000001fc0bc98910 code [0x000001fc0bc98ac0, 0x000001fc0bc98b78]
Event: 117.819 Thread 0x000001fc7f968800 11516       1       org.gradle.api.internal.artifacts.ivyservice.resolveengine.graph.conflicts.DefaultConflictResolverDetails::select (6 bytes)
Event: 117.819 Thread 0x000001fc7f968800 nmethod 11516 0x000001fc0bc98c10 code [0x000001fc0bc98dc0, 0x000001fc0bc98eb8]
Event: 117.819 Thread 0x000001fc7f968800 11517       1       org.gradle.api.internal.artifacts.ivyservice.resolveengine.graph.conflicts.CompositeConflictResolver$CompositeDetails::access$100 (5 bytes)
Event: 117.819 Thread 0x000001fc7f968800 nmethod 11517 0x000001fc0bc98f10 code [0x000001fc0bc990c0, 0x000001fc0bc99158]
Event: 117.819 Thread 0x000001fc7f968800 11518       1       org.gradle.api.internal.artifacts.ivyservice.resolveengine.graph.conflicts.DefaultConflictResolverDetails::getSelected (5 bytes)
Event: 117.820 Thread 0x000001fc7f968800 nmethod 11518 0x000001fc0bc99210 code [0x000001fc0bc993c0, 0x000001fc0bc99478]
Event: 117.820 Thread 0x000001fc7fad1800 nmethod 11508 0x000001fc0bc99510 code [0x000001fc0bc996a0, 0x000001fc0bc99778]
Event: 117.820 Thread 0x000001fc7fad1800 11514       4       org.gradle.internal.component.model.ComponentAttributeMatcher$CachedQuery::from (64 bytes)
Event: 117.833 Thread 0x000001fc7f968800 11520       3       org.gradle.api.internal.artifacts.ivyservice.resolveengine.result.StreamingResolutionResultBuilder$$Lambda$720/0x00000001006d1c40::write (17 bytes)
Event: 117.833 Thread 0x000001fc7f968800 nmethod 11520 0x000001fc058dfa10 code [0x000001fc058dfbc0, 0x000001fc058dfd08]
Event: 117.833 Thread 0x000001fc7f968800 11521       3       org.gradle.internal.component.external.model.UrlBackedArtifactMetadata::getName (55 bytes)
Event: 117.835 Thread 0x000001fc7f968800 nmethod 11521 0x000001fc058dfe10 code [0x000001fc058e0040, 0x000001fc058e0a08]

GC Heap History (20 events):
Event: 104.511 GC heap before
{Heap before GC invocations=46 (full 0):
 garbage-first heap   total 131072K, used 112700K [0x00000000a0000000, 0x0000000100000000)
  region size 1024K, 25 young (25600K), 4 survivors (4096K)
 Metaspace       used 94852K, capacity 98160K, committed 98384K, reserved 1134592K
  class space    used 12508K, capacity 13758K, committed 13824K, reserved 1048576K
}
Event: 104.525 GC heap after
{Heap after GC invocations=47 (full 0):
 garbage-first heap   total 131072K, used 93331K [0x00000000a0000000, 0x0000000100000000)
  region size 1024K, 3 young (3072K), 3 survivors (3072K)
 Metaspace       used 94852K, capacity 98160K, committed 98384K, reserved 1134592K
  class space    used 12508K, capacity 13758K, committed 13824K, reserved 1048576K
}
Event: 107.674 GC heap before
{Heap before GC invocations=48 (full 0):
 garbage-first heap   total 131072K, used 111763K [0x00000000a0000000, 0x0000000100000000)
  region size 1024K, 22 young (22528K), 3 survivors (3072K)
 Metaspace       used 95981K, capacity 99342K, committed 99536K, reserved 1134592K
  class space    used 12638K, capacity 13946K, committed 13952K, reserved 1048576K
}
Event: 107.685 GC heap after
{Heap after GC invocations=49 (full 0):
 garbage-first heap   total 131072K, used 94948K [0x00000000a0000000, 0x0000000100000000)
  region size 1024K, 2 young (2048K), 2 survivors (2048K)
 Metaspace       used 95981K, capacity 99342K, committed 99536K, reserved 1134592K
  class space    used 12638K, capacity 13946K, committed 13952K, reserved 1048576K
}
Event: 108.213 GC heap before
{Heap before GC invocations=49 (full 0):
 garbage-first heap   total 131072K, used 101092K [0x00000000a0000000, 0x0000000100000000)
  region size 1024K, 9 young (9216K), 2 survivors (2048K)
 Metaspace       used 96317K, capacity 99802K, committed 99920K, reserved 1134592K
  class space    used 12683K, capacity 13994K, committed 14080K, reserved 1048576K
}
Event: 108.228 GC heap after
{Heap after GC invocations=50 (full 0):
 garbage-first heap   total 131072K, used 95517K [0x00000000a0000000, 0x0000000100000000)
  region size 1024K, 2 young (2048K), 2 survivors (2048K)
 Metaspace       used 96317K, capacity 99802K, committed 99920K, reserved 1134592K
  class space    used 12683K, capacity 13994K, committed 14080K, reserved 1048576K
}
Event: 110.059 GC heap before
{Heap before GC invocations=51 (full 0):
 garbage-first heap   total 131072K, used 112925K [0x00000000a0000000, 0x0000000100000000)
  region size 1024K, 18 young (18432K), 2 survivors (2048K)
 Metaspace       used 96732K, capacity 100323K, committed 100432K, reserved 1136640K
  class space    used 12735K, capacity 14078K, committed 14080K, reserved 1048576K
}
Event: 110.072 GC heap after
{Heap after GC invocations=52 (full 0):
 garbage-first heap   total 131072K, used 100313K [0x00000000a0000000, 0x0000000100000000)
  region size 1024K, 3 young (3072K), 3 survivors (3072K)
 Metaspace       used 96732K, capacity 100323K, committed 100432K, reserved 1136640K
  class space    used 12735K, capacity 14078K, committed 14080K, reserved 1048576K
}
Event: 112.813 GC heap before
{Heap before GC invocations=52 (full 0):
 garbage-first heap   total 131072K, used 112601K [0x00000000a0000000, 0x0000000100000000)
  region size 1024K, 16 young (16384K), 3 survivors (3072K)
 Metaspace       used 97414K, capacity 100983K, committed 101200K, reserved 1136640K
  class space    used 12877K, capacity 14230K, committed 14336K, reserved 1048576K
}
Event: 112.837 GC heap after
{Heap after GC invocations=53 (full 0):
 garbage-first heap   total 131072K, used 102226K [0x00000000a0000000, 0x0000000100000000)
  region size 1024K, 2 young (2048K), 2 survivors (2048K)
 Metaspace       used 97414K, capacity 100983K, committed 101200K, reserved 1136640K
  class space    used 12877K, capacity 14230K, committed 14336K, reserved 1048576K
}
Event: 114.276 GC heap before
{Heap before GC invocations=54 (full 0):
 garbage-first heap   total 131072K, used 112466K [0x00000000a0000000, 0x0000000100000000)
  region size 1024K, 13 young (13312K), 2 survivors (2048K)
 Metaspace       used 97569K, capacity 101141K, committed 101456K, reserved 1136640K
  class space    used 12880K, capacity 14234K, committed 14336K, reserved 1048576K
}
Event: 114.285 GC heap after
{Heap after GC invocations=55 (full 0):
 garbage-first heap   total 131072K, used 102676K [0x00000000a0000000, 0x0000000100000000)
  region size 1024K, 1 young (1024K), 1 survivors (1024K)
 Metaspace       used 97569K, capacity 101141K, committed 101456K, reserved 1136640K
  class space    used 12880K, capacity 14234K, committed 14336K, reserved 1048576K
}
Event: 115.336 GC heap before
{Heap before GC invocations=55 (full 0):
 garbage-first heap   total 131072K, used 112916K [0x00000000a0000000, 0x0000000100000000)
  region size 1024K, 11 young (11264K), 1 survivors (1024K)
 Metaspace       used 97841K, capacity 101601K, committed 101712K, reserved 1136640K
  class space    used 12919K, capacity 14311K, committed 14336K, reserved 1048576K
}
Event: 115.348 GC heap after
{Heap after GC invocations=56 (full 0):
 garbage-first heap   total 131072K, used 105208K [0x00000000a0000000, 0x0000000100000000)
  region size 1024K, 2 young (2048K), 2 survivors (2048K)
 Metaspace       used 97841K, capacity 101601K, committed 101712K, reserved 1136640K
  class space    used 12919K, capacity 14311K, committed 14336K, reserved 1048576K
}
Event: 116.194 GC heap before
{Heap before GC invocations=57 (full 0):
 garbage-first heap   total 131072K, used 113400K [0x00000000a0000000, 0x0000000100000000)
  region size 1024K, 10 young (10240K), 2 survivors (2048K)
 Metaspace       used 97949K, capacity 101677K, committed 101712K, reserved 1136640K
  class space    used 12919K, capacity 14311K, committed 14336K, reserved 1048576K
}
Event: 116.203 GC heap after
{Heap after GC invocations=58 (full 0):
 garbage-first heap   total 131072K, used 105566K [0x00000000a0000000, 0x0000000100000000)
  region size 1024K, 1 young (1024K), 1 survivors (1024K)
 Metaspace       used 97949K, capacity 101677K, committed 101712K, reserved 1136640K
  class space    used 12919K, capacity 14311K, committed 14336K, reserved 1048576K
}
Event: 116.860 GC heap before
{Heap before GC invocations=58 (full 0):
 garbage-first heap   total 131072K, used 112734K [0x00000000a0000000, 0x0000000100000000)
  region size 1024K, 8 young (8192K), 1 survivors (1024K)
 Metaspace       used 98208K, capacity 102014K, committed 102352K, reserved 1136640K
  class space    used 12954K, capacity 14367K, committed 14464K, reserved 1048576K
}
Event: 116.884 GC heap after
{Heap after GC invocations=59 (full 0):
 garbage-first heap   total 131072K, used 107222K [0x00000000a0000000, 0x0000000100000000)
  region size 1024K, 1 young (1024K), 1 survivors (1024K)
 Metaspace       used 98208K, capacity 102014K, committed 102352K, reserved 1136640K
  class space    used 12954K, capacity 14367K, committed 14464K, reserved 1048576K
}
Event: 117.790 GC heap before
{Heap before GC invocations=60 (full 0):
 garbage-first heap   total 131072K, used 113366K [0x00000000a0000000, 0x0000000100000000)
  region size 1024K, 7 young (7168K), 1 survivors (1024K)
 Metaspace       used 98311K, capacity 102093K, committed 102352K, reserved 1136640K
  class space    used 12959K, capacity 14371K, committed 14464K, reserved 1048576K
}
Event: 117.799 GC heap after
{Heap after GC invocations=61 (full 0):
 garbage-first heap   total 131072K, used 108907K [0x00000000a0000000, 0x0000000100000000)
  region size 1024K, 1 young (1024K), 1 survivors (1024K)
 Metaspace       used 98311K, capacity 102093K, committed 102352K, reserved 1136640K
  class space    used 12959K, capacity 14371K, committed 14464K, reserved 1048576K
}

Deoptimization events (20 events):
Event: 113.957 Thread 0x000001fc1e946800 Uncommon trap: trap_request=0xffffff4d fr.pc=0x000001fc0ba6458c relative=0x00000000000003cc
Event: 113.957 Thread 0x000001fc1e946800 Uncommon trap: reason=unstable_if action=reinterpret pc=0x000001fc0ba6458c method=java.util.concurrent.ConcurrentHashMap.addCount(JI)V @ 97 c2
Event: 113.957 Thread 0x000001fc1e946800 DEOPT PACKING pc=0x000001fc0ba6458c sp=0x00000088373fddf0
Event: 113.957 Thread 0x000001fc1e946800 DEOPT UNPACKING pc=0x000001fc03a9a1af sp=0x00000088373fdca8 mode 2
Event: 117.237 Thread 0x000001fc1736c800 Uncommon trap: trap_request=0xffffff4d fr.pc=0x000001fc0b7965cc relative=0x0000000000000bac
Event: 117.237 Thread 0x000001fc1736c800 Uncommon trap: reason=unstable_if action=reinterpret pc=0x000001fc0b7965cc method=com.esotericsoftware.kryo.io.Input.readString()Ljava/lang/String; @ 28 c2
Event: 117.237 Thread 0x000001fc1736c800 DEOPT PACKING pc=0x000001fc0b7965cc sp=0x0000008834af9120
Event: 117.237 Thread 0x000001fc1736c800 DEOPT UNPACKING pc=0x000001fc03a9a1af sp=0x0000008834af90f8 mode 2
Event: 117.238 Thread 0x000001fc1736c800 Uncommon trap: trap_request=0xffffff4d fr.pc=0x000001fc0b77f474 relative=0x00000000000001b4
Event: 117.239 Thread 0x000001fc1736c800 Uncommon trap: reason=unstable_if action=reinterpret pc=0x000001fc0b77f474 method=com.esotericsoftware.kryo.io.Input.require(I)I @ 65 c2
Event: 117.239 Thread 0x000001fc1736c800 DEOPT PACKING pc=0x000001fc0b77f474 sp=0x0000008834af8fc0
Event: 117.239 Thread 0x000001fc1736c800 DEOPT UNPACKING pc=0x000001fc03a9a1af sp=0x0000008834af8f80 mode 2
Event: 117.243 Thread 0x000001fc1736c800 Uncommon trap: trap_request=0xffffff4d fr.pc=0x000001fc0b7a7618 relative=0x00000000000001d8
Event: 117.243 Thread 0x000001fc1736c800 Uncommon trap: reason=unstable_if action=reinterpret pc=0x000001fc0b7a7618 method=com.esotericsoftware.kryo.io.Input.readVarInt(Z)I @ 42 c2
Event: 117.243 Thread 0x000001fc1736c800 DEOPT PACKING pc=0x000001fc0b7a7618 sp=0x0000008834af8f50
Event: 117.243 Thread 0x000001fc1736c800 DEOPT UNPACKING pc=0x000001fc03a9a1af sp=0x0000008834af8ef8 mode 2
Event: 117.452 Thread 0x000001fc1736c800 Uncommon trap: trap_request=0xffffff4d fr.pc=0x000001fc0b8ecf0c relative=0x000000000000006c
Event: 117.452 Thread 0x000001fc1736c800 Uncommon trap: reason=unstable_if action=reinterpret pc=0x000001fc0b8ecf0c method=com.google.common.cache.LocalCache.isExpired(Lcom/google/common/cache/ReferenceEntry;J)Z @ 9 c2
Event: 117.452 Thread 0x000001fc1736c800 DEOPT PACKING pc=0x000001fc0b8ecf0c sp=0x0000008834af92b0
Event: 117.452 Thread 0x000001fc1736c800 DEOPT UNPACKING pc=0x000001fc03a9a1af sp=0x0000008834af9240 mode 2

Classes redefined (0 events):
No events

Internal exceptions (20 events):
Event: 109.015 Thread 0x000001fc1736c800 Exception <a 'java/lang/ClassNotFoundException'{0x00000000a7417758}: com/android/build/gradle/internal/dsl/TestOptionsCustomizer> (0x00000000a7417758) thrown at [src/hotspot/share/classfile/systemDictionary.cpp, line 230]
Event: 109.018 Thread 0x000001fc1736c800 Exception <a 'java/lang/ClassNotFoundException'{0x00000000a745b270}: com/android/build/gradle/internal/dsl/TestOptions_DecoratedCustomizer> (0x00000000a745b270) thrown at [src/hotspot/share/classfile/systemDictionary.cpp, line 230]
Event: 109.109 Thread 0x000001fc1736c800 Exception <a 'java/lang/ClassNotFoundException'{0x00000000a74ddc70}: com/android/build/gradle/internal/dsl/TestOptions$UnitTestOptions_DecoratedBeanInfo> (0x00000000a74ddc70) thrown at [src/hotspot/share/classfile/systemDictionary.cpp, line 230]
Event: 109.113 Thread 0x000001fc1736c800 Exception <a 'java/lang/ClassNotFoundException'{0x00000000a73078f8}: com/android/build/gradle/internal/dsl/TestOptions$UnitTestOptionsBeanInfo> (0x00000000a73078f8) thrown at [src/hotspot/share/classfile/systemDictionary.cpp, line 230]
Event: 109.115 Thread 0x000001fc1736c800 Exception <a 'java/lang/ClassNotFoundException'{0x00000000a7332830}: com/android/build/gradle/internal/dsl/TestOptions$UnitTestOptionsCustomizer> (0x00000000a7332830) thrown at [src/hotspot/share/classfile/systemDictionary.cpp, line 230]
Event: 109.117 Thread 0x000001fc1736c800 Exception <a 'java/lang/ClassNotFoundException'{0x00000000a7366d60}: com/android/build/gradle/internal/dsl/TestOptions$UnitTestOptions_DecoratedCustomizer> (0x00000000a7366d60) thrown at [src/hotspot/share/classfile/systemDictionary.cpp, line 230]
Event: 109.261 Thread 0x000001fc1736c800 Exception <a 'java/lang/ClassNotFoundException'{0x00000000a7272e28}: java/lang/MathBeanInfo> (0x00000000a7272e28) thrown at [src/hotspot/share/classfile/systemDictionary.cpp, line 230]
Event: 109.262 Thread 0x000001fc1736c800 Exception <a 'java/lang/ClassNotFoundException'{0x00000000a727dbf8}: java/lang/MathCustomizer> (0x00000000a727dbf8) thrown at [src/hotspot/share/classfile/systemDictionary.cpp, line 230]
Event: 111.695 Thread 0x000001fc1736c800 Exception <a 'java/lang/ClassNotFoundException'{0x00000000a77fa900}: com/android/build/gradle/internal/api/LibraryVariantOutputImpl_DecoratedBeanInfo> (0x00000000a77fa900) thrown at [src/hotspot/share/classfile/systemDictionary.cpp, line 230]
Event: 111.697 Thread 0x000001fc1736c800 Exception <a 'java/lang/ClassNotFoundException'{0x00000000a76194c0}: com/android/build/gradle/internal/api/LibraryVariantOutputImplBeanInfo> (0x00000000a76194c0) thrown at [src/hotspot/share/classfile/systemDictionary.cpp, line 230]
Event: 111.698 Thread 0x000001fc1736c800 Exception <a 'java/lang/ClassNotFoundException'{0x00000000a7637c00}: com/android/build/gradle/internal/api/LibraryVariantOutputImplCustomizer> (0x00000000a7637c00) thrown at [src/hotspot/share/classfile/systemDictionary.cpp, line 230]
Event: 111.703 Thread 0x000001fc1736c800 Exception <a 'java/lang/ClassNotFoundException'{0x00000000a7661160}: com/android/build/gradle/internal/api/LibraryVariantOutputImpl_DecoratedCustomizer> (0x00000000a7661160) thrown at [src/hotspot/share/classfile/systemDictionary.cpp, line 230]
Event: 111.936 Thread 0x000001fc1736c800 Exception <a 'java/lang/ClassNotFoundException'{0x00000000a7595100}: build_5bu09l42uvxkmf31wds57mvkrBeanInfo> (0x00000000a7595100) thrown at [src/hotspot/share/classfile/systemDictionary.cpp, line 230]
Event: 111.937 Thread 0x000001fc1736c800 Exception <a 'java/lang/ClassNotFoundException'{0x00000000a75a1580}: build_5bu09l42uvxkmf31wds57mvkrCustomizer> (0x00000000a75a1580) thrown at [src/hotspot/share/classfile/systemDictionary.cpp, line 230]
Event: 114.388 Thread 0x000001fc1736c800 Exception <a 'java/lang/ClassNotFoundException'{0x00000000a7ea6d20}: build_5bu09l42uvxkmf31wds57mvkrBeanInfo> (0x00000000a7ea6d20) thrown at [src/hotspot/share/classfile/systemDictionary.cpp, line 230]
Event: 114.389 Thread 0x000001fc1736c800 Exception <a 'java/lang/ClassNotFoundException'{0x00000000a7eb3140}: build_5bu09l42uvxkmf31wds57mvkrCustomizer> (0x00000000a7eb3140) thrown at [src/hotspot/share/classfile/systemDictionary.cpp, line 230]
Event: 115.050 Thread 0x000001fc1736c800 Exception <a 'java/lang/ClassNotFoundException'{0x00000000a7873c20}: build_1cu33mcq6z59cweqafwikmhh5BeanInfo> (0x00000000a7873c20) thrown at [src/hotspot/share/classfile/systemDictionary.cpp, line 230]
Event: 115.051 Thread 0x000001fc1736c800 Exception <a 'java/lang/ClassNotFoundException'{0x00000000a78800a0}: build_1cu33mcq6z59cweqafwikmhh5Customizer> (0x00000000a78800a0) thrown at [src/hotspot/share/classfile/systemDictionary.cpp, line 230]
Event: 116.275 Thread 0x000001fc1736c800 Exception <a 'java/lang/ClassNotFoundException'{0x00000000a7f81a00}: build_1cu33mcq6z59cweqafwikmhh5BeanInfo> (0x00000000a7f81a00) thrown at [src/hotspot/share/classfile/systemDictionary.cpp, line 230]
Event: 116.275 Thread 0x000001fc1736c800 Exception <a 'java/lang/ClassNotFoundException'{0x00000000a7f8de20}: build_1cu33mcq6z59cweqafwikmhh5Customizer> (0x00000000a7f8de20) thrown at [src/hotspot/share/classfile/systemDictionary.cpp, line 230]

Events (20 events):
Event: 117.248 loading class org/gradle/api/artifacts/result/ComponentSelectionCause
Event: 117.248 loading class org/gradle/api/artifacts/result/ComponentSelectionCause done
Event: 117.248 loading class org/gradle/api/internal/artifacts/ivyservice/resolveengine/result/CachingComponentSelectionDescriptorFactory
Event: 117.248 loading class org/gradle/api/internal/artifacts/ivyservice/resolveengine/result/CachingComponentSelectionDescriptorFactory done
Event: 117.309 Executing VM operation: CGC_Operation
Event: 117.412 Executing VM operation: CGC_Operation done
Event: 117.415 loading class org/gradle/api/internal/artifacts/ivyservice/resolveengine/result/DetachedResolvedGraphDependency
Event: 117.415 loading class org/gradle/api/internal/artifacts/ivyservice/resolveengine/result/DetachedResolvedGraphDependency done
Event: 117.417 Executing VM operation: Deoptimize
Event: 117.420 Executing VM operation: Deoptimize done
Event: 117.423 Thread 0x000001fc22809800 Thread added: 0x000001fc22809800
Event: 117.450 loading class org/gradle/api/artifacts/result/ResolvedComponentResult
Event: 117.450 loading class org/gradle/api/artifacts/result/ResolvedComponentResult done
Event: 117.450 loading class org/gradle/api/artifacts/component/ModuleComponentIdentifier
Event: 117.450 loading class org/gradle/api/artifacts/component/ModuleComponentIdentifier done
Event: 117.633 Thread 0x000001fc22809800 Thread exited: 0x000001fc22809800
Event: 117.678 Executing VM operation: CGC_Operation
Event: 117.680 Executing VM operation: CGC_Operation done
Event: 117.784 Executing VM operation: G1CollectForAllocation
Event: 117.799 Executing VM operation: G1CollectForAllocation done


Dynamic libraries:
0x00007ff7d3ed0000 - 0x00007ff7d3eda000 	C:\Program Files\Android\Android Studio\jbr\bin\java.exe
0x00007ffd109d0000 - 0x00007ffd10bc8000 	C:\WINDOWS\SYSTEM32\ntdll.dll
0x00007ffd10590000 - 0x00007ffd1064d000 	C:\WINDOWS\System32\KERNEL32.DLL
0x00007ffd0e3e0000 - 0x00007ffd0e6d6000 	C:\WINDOWS\System32\KERNELBASE.dll
0x00007ffd0e2e0000 - 0x00007ffd0e3e0000 	C:\WINDOWS\System32\ucrtbase.dll
0x00007ffd05a80000 - 0x00007ffd05a97000 	C:\Program Files\Android\Android Studio\jbr\bin\jli.dll
0x00007ffd10650000 - 0x00007ffd107ef000 	C:\WINDOWS\System32\USER32.dll
0x00007ffd0e940000 - 0x00007ffd0e962000 	C:\WINDOWS\System32\win32u.dll
0x00007ffd10120000 - 0x00007ffd1014b000 	C:\WINDOWS\System32\GDI32.dll
0x00007ffcf5480000 - 0x00007ffcf549b000 	C:\Program Files\Android\Android Studio\jbr\bin\VCRUNTIME140.dll
0x00007ffd0e6e0000 - 0x00007ffd0e7f7000 	C:\WINDOWS\System32\gdi32full.dll
0x00007ffcf9870000 - 0x00007ffcf9b0a000 	C:\WINDOWS\WinSxS\amd64_microsoft.windows.common-controls_6595b64144ccf1df_6.0.19041.4355_none_60b8b9eb71f62e16\COMCTL32.dll
0x00007ffd0ed30000 - 0x00007ffd0edce000 	C:\WINDOWS\System32\msvcrt.dll
0x00007ffd0e800000 - 0x00007ffd0e89d000 	C:\WINDOWS\System32\msvcp_win.dll
0x00007ffd0ecf0000 - 0x00007ffd0ed22000 	C:\WINDOWS\System32\IMM32.DLL
0x00007ffcf5470000 - 0x00007ffcf547c000 	C:\Program Files\Android\Android Studio\jbr\bin\vcruntime140_1.dll
0x00007ffcd77b0000 - 0x00007ffcd783d000 	C:\Program Files\Android\Android Studio\jbr\bin\msvcp140.dll
0x00007ffcb5890000 - 0x00007ffcb644c000 	C:\Program Files\Android\Android Studio\jbr\bin\server\jvm.dll
0x00007ffd0eba0000 - 0x00007ffd0ec50000 	C:\WINDOWS\System32\ADVAPI32.dll
0x00007ffd0ec50000 - 0x00007ffd0ecf0000 	C:\WINDOWS\System32\sechost.dll
0x00007ffd0edd0000 - 0x00007ffd0eef3000 	C:\WINDOWS\System32\RPCRT4.dll
0x00007ffd0e910000 - 0x00007ffd0e937000 	C:\WINDOWS\System32\bcrypt.dll
0x00007ffd10410000 - 0x00007ffd10418000 	C:\WINDOWS\System32\PSAPI.DLL
0x00007ffcf51e0000 - 0x00007ffcf51e9000 	C:\WINDOWS\SYSTEM32\WSOCK32.dll
0x00007ffd10870000 - 0x00007ffd108db000 	C:\WINDOWS\System32\WS2_32.dll
0x00007ffcf6f60000 - 0x00007ffcf6f87000 	C:\WINDOWS\SYSTEM32\WINMM.dll
0x00007ffcfc2d0000 - 0x00007ffcfc2da000 	C:\WINDOWS\SYSTEM32\VERSION.dll
0x00007ffd0c850000 - 0x00007ffd0c862000 	C:\WINDOWS\SYSTEM32\kernel.appcore.dll
0x00007ffcf5460000 - 0x00007ffcf5470000 	C:\Program Files\Android\Android Studio\jbr\bin\verify.dll
0x00007ffd0c630000 - 0x00007ffd0c814000 	C:\WINDOWS\SYSTEM32\DBGHELP.DLL
0x00007ffcf9810000 - 0x00007ffcf9844000 	C:\WINDOWS\SYSTEM32\dbgcore.DLL
0x00007ffd0e970000 - 0x00007ffd0e9f2000 	C:\WINDOWS\System32\bcryptPrimitives.dll
0x00007ffce2690000 - 0x00007ffce26b8000 	C:\Program Files\Android\Android Studio\jbr\bin\java.dll
0x00007ffcf53d0000 - 0x00007ffcf53da000 	C:\Program Files\Android\Android Studio\jbr\bin\jimage.dll
0x00007ffce74c0000 - 0x00007ffce74ce000 	C:\Program Files\Android\Android Studio\jbr\bin\instrument.dll
0x00007ffcde910000 - 0x00007ffcde928000 	C:\Program Files\Android\Android Studio\jbr\bin\zip.dll
0x00007ffd0f8d0000 - 0x00007ffd1003d000 	C:\WINDOWS\System32\SHELL32.dll
0x00007ffd0bdd0000 - 0x00007ffd0c56d000 	C:\WINDOWS\SYSTEM32\windows.storage.dll
0x00007ffd0f450000 - 0x00007ffd0f7a3000 	C:\WINDOWS\System32\combase.dll
0x00007ffd0d8f0000 - 0x00007ffd0d91e000 	C:\WINDOWS\SYSTEM32\Wldp.dll
0x00007ffd10050000 - 0x00007ffd1011d000 	C:\WINDOWS\System32\OLEAUT32.dll
0x00007ffd101b0000 - 0x00007ffd1025d000 	C:\WINDOWS\System32\SHCORE.dll
0x00007ffd10150000 - 0x00007ffd101a5000 	C:\WINDOWS\System32\shlwapi.dll
0x00007ffd0dfb0000 - 0x00007ffd0dfd4000 	C:\WINDOWS\SYSTEM32\profapi.dll
0x00007ffcdce00000 - 0x00007ffcdce19000 	C:\Program Files\Android\Android Studio\jbr\bin\net.dll
0x00007ffcfcab0000 - 0x00007ffcfcbba000 	C:\WINDOWS\SYSTEM32\WINHTTP.dll
0x00007ffd0d6d0000 - 0x00007ffd0d73a000 	C:\WINDOWS\system32\mswsock.dll
0x00007ffcd86a0000 - 0x00007ffcd86b3000 	C:\Program Files\Android\Android Studio\jbr\bin\nio.dll
0x00007ffcf5350000 - 0x00007ffcf5377000 	C:\Users\user\.gradle\native\68d5fa5c4cc2d200863cafc0d521ce42e7d3e7ee720ec0a83991735586a16f82\windows-amd64\native-platform.dll
0x00007ffcd7960000 - 0x00007ffcd7aa4000 	C:\Users\user\.gradle\native\e376f236ea51e6404a007f0833ffe2c6e607c4080706a723a18a27aeea778392\windows-amd64\native-platform-file-events.dll
0x00007ffce99f0000 - 0x00007ffce99fa000 	C:\Program Files\Android\Android Studio\jbr\bin\management.dll
0x00007ffce7b80000 - 0x00007ffce7b8b000 	C:\Program Files\Android\Android Studio\jbr\bin\management_ext.dll
0x00007ffd0d930000 - 0x00007ffd0d948000 	C:\WINDOWS\SYSTEM32\CRYPTSP.dll
0x00007ffd0d010000 - 0x00007ffd0d044000 	C:\WINDOWS\system32\rsaenh.dll
0x00007ffd0df20000 - 0x00007ffd0df4e000 	C:\WINDOWS\SYSTEM32\USERENV.dll
0x00007ffd0d860000 - 0x00007ffd0d86c000 	C:\WINDOWS\SYSTEM32\CRYPTBASE.dll
0x00007ffd0d3d0000 - 0x00007ffd0d40b000 	C:\WINDOWS\SYSTEM32\IPHLPAPI.DLL
0x00007ffd10040000 - 0x00007ffd10048000 	C:\WINDOWS\System32\NSI.dll
0x00007ffd02130000 - 0x00007ffd02147000 	C:\WINDOWS\SYSTEM32\dhcpcsvc6.DLL
0x00007ffd01940000 - 0x00007ffd0195d000 	C:\WINDOWS\SYSTEM32\dhcpcsvc.DLL
0x00007ffd0d410000 - 0x00007ffd0d4db000 	C:\WINDOWS\SYSTEM32\DNSAPI.dll
0x00007ffd0d130000 - 0x00007ffd0d163000 	C:\WINDOWS\SYSTEM32\ntmarta.dll

dbghelp: loaded successfully - version: 4.0.5 - missing functions: none
symbol engine: initialized successfully - sym options: 0x614 - pdb path: .;C:\Program Files\Android\Android Studio\jbr\bin;C:\WINDOWS\SYSTEM32;C:\WINDOWS\WinSxS\amd64_microsoft.windows.common-controls_6595b64144ccf1df_6.0.19041.4355_none_60b8b9eb71f62e16;C:\Program Files\Android\Android Studio\jbr\bin\server;C:\Users\user\.gradle\native\68d5fa5c4cc2d200863cafc0d521ce42e7d3e7ee720ec0a83991735586a16f82\windows-amd64;C:\Users\user\.gradle\native\e376f236ea51e6404a007f0833ffe2c6e607c4080706a723a18a27aeea778392\windows-amd64

VM Arguments:
jvm_args: --add-opens=java.base/java.util=ALL-UNNAMED --add-opens=java.base/java.lang=ALL-UNNAMED --add-opens=java.base/java.lang.invoke=ALL-UNNAMED --add-opens=java.prefs/java.util.prefs=ALL-UNNAMED --add-opens=java.base/java.nio.charset=ALL-UNNAMED --add-opens=java.base/java.net=ALL-UNNAMED --add-opens=java.base/java.util.concurrent.atomic=ALL-UNNAMED -Xmx1536M -Dfile.encoding=windows-1252 -Duser.country=IN -Duser.language=en -Duser.variant -javaagent:C:\Users\user\.gradle\wrapper\dists\gradle-8.1.1-bin\9wiye5v2saajue4irfo8ybqfp\gradle-8.1.1\lib\agents\gradle-instrumentation-agent-8.1.1.jar 
java_command: org.gradle.launcher.daemon.bootstrap.GradleDaemon 8.1.1
java_class_path (initial): C:\Users\user\.gradle\wrapper\dists\gradle-8.1.1-bin\9wiye5v2saajue4irfo8ybqfp\gradle-8.1.1\lib\gradle-launcher-8.1.1.jar
Launcher Type: SUN_STANDARD

[Global flags]
     intx CICompilerCount                          = 3                                         {product} {ergonomic}
     uint ConcGCThreads                            = 1                                         {product} {ergonomic}
     uint G1ConcRefinementThreads                  = 4                                         {product} {ergonomic}
   size_t G1HeapRegionSize                         = 1048576                                   {product} {ergonomic}
    uintx GCDrainStackTargetSize                   = 64                                        {product} {ergonomic}
   size_t InitialHeapSize                          = 134217728                                 {product} {ergonomic}
   size_t MarkStackSize                            = 4194304                                   {product} {ergonomic}
   size_t MaxHeapSize                              = 1610612736                                {product} {command line}
   size_t MaxNewSize                               = 965738496                                 {product} {ergonomic}
   size_t MinHeapDeltaBytes                        = 1048576                                   {product} {ergonomic}
    uintx NonNMethodCodeHeapSize                   = 5830732                                {pd product} {ergonomic}
    uintx NonProfiledCodeHeapSize                  = 122913754                              {pd product} {ergonomic}
    uintx ProfiledCodeHeapSize                     = 122913754                              {pd product} {ergonomic}
    uintx ReservedCodeCacheSize                    = 251658240                              {pd product} {ergonomic}
     bool SegmentedCodeCache                       = true                                      {product} {ergonomic}
     bool UseCompressedClassPointers               = true                                 {lp64_product} {ergonomic}
     bool UseCompressedOops                        = true                                 {lp64_product} {ergonomic}
     bool UseG1GC                                  = true                                      {product} {ergonomic}
     bool UseLargePagesIndividualAllocation        = false                                  {pd product} {ergonomic}

Logging:
Log output configuration:
 #0: stdout all=warning uptime,level,tags
 #1: stderr all=off uptime,level,tags

Environment Variables:
JAVA_HOME=C:\Program Files\Android\Android Studio\jbr
CLASSPATH=D:\Dart\VS code flutter projects\grocery_shopping\android\\gradle\wrapper\gradle-wrapper.jar
PATH=C:\Program Files\Android\Android Studio\jbr\bin;C:\Program Files\Common Files\Oracle\Java\javapath;C:\WINDOWS\system32;C:\WINDOWS;C:\WINDOWS\System32\Wbem;C:\WINDOWS\System32\WindowsPowerShell\v1.0\;C:\WINDOWS\System32\OpenSSH\;C:\Program Files\nodejs\;C:\MinGW\mingw32\bin;C:\Program Files\PuTTY\;C:\Program Files\Git\cmd;C:\Users\user\AppData\Local\Programs\Python\Python311\Scripts\;C:\Users\user\AppData\Local\Programs\Python\Python311\;C:\Users\user\AppData\Local\Microsoft\WindowsApps;C:\Users\user\AppData\Roaming\npm;C:\Users\user\AppData\Local\Programs\Microsoft VS Code\bin;D:\Flutter\flutter\bin;C:\MinGW\bin;C:\Program Files\JetBrains\PyCharm Community Edition 2023.3.3\bin;;d:\flutter_projects\flutter\bin;C:\Users\user\AppData\Local\Pub\Cache\bin;C:\Windows\System32;C:\Program Files\Git;C:\Program Files\Git\bin;C:\Program Files\Git\cmd;;d:\Flutter_Projects\flutter\bin\mingit\cmd;d:\Flutter_Projects\flutter\bin\mingit\cmd
USERNAME=user
OS=Windows_NT
PROCESSOR_IDENTIFIER=Intel64 Family 6 Model 78 Stepping 3, GenuineIntel



---------------  S Y S T E M  ---------------

OS: Windows 10 , 64 bit Build 19041 (10.0.19041.3636)
OS uptime: 0 days 1:33 hours
Hyper-V role detected

CPU:total 4 (initial active 4) (2 cores per cpu, 2 threads per core) family 6 model 78 stepping 3 microcode 0xf0, cmov, cx8, fxsr, mmx, sse, sse2, sse3, ssse3, sse4.1, sse4.2, popcnt, avx, avx2, aes, clmul, erms, rtm, 3dnowpref, lzcnt, ht, tsc, tscinvbit, bmi1, bmi2, adx, fma

Memory: 4k page, system-wide physical 8072M (383M free)
TotalPageFile size 12421M (AvailPageFile size 4M)
current process WorkingSet (physical memory assigned to process): 379M, peak: 405M
current process commit charge ("private bytes"): 412M, peak: 436M

vm_info: OpenJDK 64-Bit Server VM (11.0.15+0-b2043.56-9505619) for windows-amd64 JRE (11.0.15+0-b2043.56-9505619), built on Jan 19 2023 02:48:00 by "builduser" with unknown MS VC++:1929

END.
